<?xml version="1.0" encoding="UTF-8"?>
<!-- Generated by org.testng.reporters.JUnitReportReporter -->
<testsuite skipped="0" hostname="DESKTOP-IMOL38T" name="testpackage.validations" tests="1" failures="0" timestamp="12 Apr 2021 00:36:34 GMT" time="1.103" errors="0">
  <testcase name="sumOfCourses" time="1.103" classname="testpackage.validations"/>
</testsuite> <!-- testpackage.validations -->
