<?xml version="1.0" encoding="UTF-8"?>
<!-- Generated by org.testng.reporters.JUnitReportReporter -->
<testsuite skipped="0" hostname="DESKTOP-IMOL38T" name="testpackage.Employee" tests="1" failures="0" timestamp="19 Apr 2021 16:06:21 GMT" time="6.863" errors="0">
  <testcase name="getEmployee" time="6.863" classname="testpackage.Employee"/>
</testsuite> <!-- testpackage.Employee -->
