<?xml version="1.0" encoding="UTF-8"?>
<!-- Generated by org.testng.reporters.JUnitReportReporter -->
<testsuite skipped="0" hostname="DESKTOP-IMOL38T" name="Files.GetEmployee" tests="1" failures="0" timestamp="19 Apr 2021 15:01:30 GMT" time="6.626" errors="0">
  <testcase name="GetBook" time="6.626" classname="Files.GetEmployee"/>
</testsuite> <!-- Files.GetEmployee -->
