<?xml version="1.0" encoding="UTF-8"?>
<!-- Generated by org.testng.reporters.JUnitReportReporter -->
<testsuite skipped="0" hostname="DESKTOP-IMOL38T" name="Files.DynamicJson" tests="3" failures="0" timestamp="12 Apr 2021 04:34:28 GMT" time="5.202" errors="0">
  <testcase name="addBook" time="0.620" classname="Files.DynamicJson"/>
  <testcase name="addBook" time="3.975" classname="Files.DynamicJson"/>
  <testcase name="addBook" time="0.607" classname="Files.DynamicJson"/>
</testsuite> <!-- Files.DynamicJson -->
