<?xml version="1.0" encoding="UTF-8"?>
<!-- Generated by org.testng.reporters.JUnitReportReporter -->
<testsuite skipped="0" hostname="DESKTOP-IMOL38T" name="testpackage.GetEmployee" tests="1" failures="0" timestamp="26 Apr 2021 02:35:41 GMT" time="5.730" errors="0">
  <testcase name="getEmployee" time="5.730" classname="testpackage.GetEmployee"/>
</testsuite> <!-- testpackage.GetEmployee -->
