<?xml version="1.0" encoding="UTF-8"?>
<!-- Generated by org.testng.reporters.JUnitReportReporter -->
<testsuite skipped="0" hostname="DESKTOP-IMOL38T" name="testpackage.DeleteEmployee" tests="1" failures="0" timestamp="26 Apr 2021 02:33:21 GMT" time="4.929" errors="0">
  <testcase name="deleteEmployee" time="4.929" classname="testpackage.DeleteEmployee"/>
</testsuite> <!-- testpackage.DeleteEmployee -->
